{"total": {"lines":{"total":389,"covered":367,"skipped":0,"pct":94.34},"statements":{"total":443,"covered":409,"skipped":0,"pct":92.32},"functions":{"total":116,"covered":109,"skipped":0,"pct":93.96},"branches":{"total":323,"covered":274,"skipped":0,"pct":84.82},"branchesTrue":{"total":0,"covered":0,"skipped":0,"pct":100}}
,"C:\\Users\\Haseeb\\Desktop\\Projects\\QuizTool\\src\\components\\QuestionCard.tsx": {"lines":{"total":26,"covered":17,"skipped":0,"pct":65.38},"functions":{"total":8,"covered":5,"skipped":0,"pct":62.5},"statements":{"total":26,"covered":17,"skipped":0,"pct":65.38},"branches":{"total":54,"covered":42,"skipped":0,"pct":77.77}}
,"C:\\Users\\Haseeb\\Desktop\\Projects\\QuizTool\\src\\components\\inputs\\KeywordsInput.tsx": {"lines":{"total":8,"covered":8,"skipped":0,"pct":100},"functions":{"total":3,"covered":3,"skipped":0,"pct":100},"statements":{"total":8,"covered":8,"skipped":0,"pct":100},"branches":{"total":10,"covered":10,"skipped":0,"pct":100}}
,"C:\\Users\\Haseeb\\Desktop\\Projects\\QuizTool\\src\\components\\inputs\\MatchingInput.tsx": {"lines":{"total":45,"covered":45,"skipped":0,"pct":100},"functions":{"total":17,"covered":17,"skipped":0,"pct":100},"statements":{"total":53,"covered":50,"skipped":0,"pct":94.33},"branches":{"total":29,"covered":25,"skipped":0,"pct":86.2}}
,"C:\\Users\\Haseeb\\Desktop\\Projects\\QuizTool\\src\\components\\inputs\\MultipleAnswerInput.tsx": {"lines":{"total":43,"covered":40,"skipped":0,"pct":93.02},"functions":{"total":8,"covered":8,"skipped":0,"pct":100},"statements":{"total":45,"covered":41,"skipped":0,"pct":91.11},"branches":{"total":43,"covered":41,"skipped":0,"pct":95.34}}
,"C:\\Users\\Haseeb\\Desktop\\Projects\\QuizTool\\src\\components\\inputs\\MultipleChoiceInput.tsx": {"lines":{"total":15,"covered":15,"skipped":0,"pct":100},"functions":{"total":3,"covered":3,"skipped":0,"pct":100},"statements":{"total":15,"covered":15,"skipped":0,"pct":100},"branches":{"total":20,"covered":19,"skipped":0,"pct":95}}
,"C:\\Users\\Haseeb\\Desktop\\Projects\\QuizTool\\src\\components\\inputs\\TrueFalseInput.tsx": {"lines":{"total":17,"covered":17,"skipped":0,"pct":100},"functions":{"total":3,"covered":3,"skipped":0,"pct":100},"statements":{"total":17,"covered":17,"skipped":0,"pct":100},"branches":{"total":24,"covered":23,"skipped":0,"pct":95.83}}
,"C:\\Users\\Haseeb\\Desktop\\Projects\\QuizTool\\src\\components\\inputs\\WordBankInput.tsx": {"lines":{"total":40,"covered":40,"skipped":0,"pct":100},"functions":{"total":13,"covered":13,"skipped":0,"pct":100},"statements":{"total":48,"covered":44,"skipped":0,"pct":91.66},"branches":{"total":24,"covered":18,"skipped":0,"pct":75}}
,"C:\\Users\\Haseeb\\Desktop\\Projects\\QuizTool\\src\\store\\useQuizStore.ts": {"lines":{"total":152,"covered":142,"skipped":0,"pct":93.42},"functions":{"total":44,"covered":40,"skipped":0,"pct":90.9},"statements":{"total":171,"covered":157,"skipped":0,"pct":91.81},"branches":{"total":84,"covered":61,"skipped":0,"pct":72.61}}
,"C:\\Users\\Haseeb\\Desktop\\Projects\\QuizTool\\src\\utils\\quizLogic.ts": {"lines":{"total":43,"covered":43,"skipped":0,"pct":100},"functions":{"total":17,"covered":17,"skipped":0,"pct":100},"statements":{"total":60,"covered":60,"skipped":0,"pct":100},"branches":{"total":35,"covered":35,"skipped":0,"pct":100}}
}
